[INFO] Scanning for projects...
[INFO] 
[INFO] -----------------------< nhom7.J2EE:SpendwiseAI >-----------------------
[INFO] Building  0.0.1-SNAPSHOT
[INFO]   from pom.xml
[INFO] --------------------------------[ jar ]---------------------------------
[INFO] 
[INFO] >>> spring-boot:4.0.3:run (default-cli) > test-compile @ SpendwiseAI >>>
[INFO] 
[INFO] --- resources:3.3.1:resources (default-resources) @ SpendwiseAI ---
[INFO] Copying 2 resources from src\main\resources to target\classes
[INFO] Copying 0 resource from src\main\resources to target\classes
[INFO] 
[INFO] --- compiler:3.14.1:compile (default-compile) @ SpendwiseAI ---
[INFO] Nothing to compile - all classes are up to date.
[INFO] 
[INFO] --- resources:3.3.1:testResources (default-testResources) @ SpendwiseAI ---
[INFO] skip non existing resourceDirectory D:\DoAnJ2EE\SpendwiseAI\SpendwiseAI\src\test\resources
[INFO] 
[INFO] --- compiler:3.14.1:testCompile (default-testCompile) @ SpendwiseAI ---
[INFO] Nothing to compile - all classes are up to date.
[INFO] 
[INFO] <<< spring-boot:4.0.3:run (default-cli) < test-compile @ SpendwiseAI <<<
[INFO] 
[INFO] 
[INFO] --- spring-boot:4.0.3:run (default-cli) @ SpendwiseAI ---
[INFO] Attaching agents: []

  .   ____          _            __ _ _
 /\\ / ___'_ __ _ _(_)_ __  __ _ \ \ \ \
( ( )\___ | '_ | '_| | '_ \/ _` | \ \ \ \
 \\/  ___)| |_)| | | | | || (_| |  ) ) ) )
  '  |____| .__|_| |_|_| |_\__, | / / / /
 =========|_|==============|___/=/_/_/_/

 :: Spring Boot ::                (v4.0.3)

2026-03-29T13:31:44.889+07:00  INFO 20976 --- [SpendwiseAI] [           main] nhom7.J2EE.SpendwiseAI.Application       : Starting Application using Java 25.0.2 with PID 20976 (D:\DoAnJ2EE\SpendwiseAI\SpendwiseAI\target\classes started by trand in D:\DoAnJ2EE\SpendwiseAI\SpendwiseAI)
2026-03-29T13:31:44.891+07:00  INFO 20976 --- [SpendwiseAI] [           main] nhom7.J2EE.SpendwiseAI.Application       : The following 1 profile is active: "dev"
2026-03-29T13:31:45.466+07:00  INFO 20976 --- [SpendwiseAI] [           main] .s.d.r.c.RepositoryConfigurationDelegate : Bootstrapping Spring Data JPA repositories in DEFAULT mode.
2026-03-29T13:31:45.581+07:00  INFO 20976 --- [SpendwiseAI] [           main] .s.d.r.c.RepositoryConfigurationDelegate : Finished Spring Data repository scanning in 109 ms. Found 22 JPA repository interfaces.
2026-03-29T13:31:45.936+07:00  INFO 20976 --- [SpendwiseAI] [           main] o.s.boot.tomcat.TomcatWebServer          : Tomcat initialized with port 8080 (http)
2026-03-29T13:31:45.944+07:00  INFO 20976 --- [SpendwiseAI] [           main] o.apache.catalina.core.StandardService   : Starting service [Tomcat]
2026-03-29T13:31:45.944+07:00  INFO 20976 --- [SpendwiseAI] [           main] o.apache.catalina.core.StandardEngine    : Starting Servlet engine: [Apache Tomcat/11.0.18]
2026-03-29T13:31:46.017+07:00  INFO 20976 --- [SpendwiseAI] [           main] b.w.c.s.WebApplicationContextInitializer : Root WebApplicationContext: initialization completed in 1097 ms
2026-03-29T13:31:46.107+07:00  INFO 20976 --- [SpendwiseAI] [           main] org.hibernate.orm.jpa                    : HHH008540: Processing PersistenceUnitInfo [name: default]
2026-03-29T13:31:46.150+07:00  INFO 20976 --- [SpendwiseAI] [           main] org.hibernate.orm.core                   : HHH000001: Hibernate ORM core version 7.2.4.Final
2026-03-29T13:31:46.445+07:00  INFO 20976 --- [SpendwiseAI] [           main] o.s.o.j.p.SpringPersistenceUnitInfo      : No LoadTimeWeaver setup: ignoring JPA class transformer
2026-03-29T13:31:46.467+07:00  INFO 20976 --- [SpendwiseAI] [           main] com.zaxxer.hikari.HikariDataSource       : HikariPool-1 - Starting...
2026-03-29T13:31:47.028+07:00  INFO 20976 --- [SpendwiseAI] [           main] com.zaxxer.hikari.pool.HikariPool        : HikariPool-1 - Added connection org.postgresql.jdbc.PgConnection@4a0ee0ba
2026-03-29T13:31:47.029+07:00  INFO 20976 --- [SpendwiseAI] [           main] com.zaxxer.hikari.HikariDataSource       : HikariPool-1 - Start completed.
2026-03-29T13:31:47.083+07:00  WARN 20976 --- [SpendwiseAI] [           main] org.hibernate.orm.deprecation            : HHH90000025: PostgreSQLDialect does not need to be specified explicitly using 'hibernate.dialect' (remove the property setting and it will be selected by default)
2026-03-29T13:31:47.258+07:00  INFO 20976 --- [SpendwiseAI] [           main] org.hibernate.orm.connections.pooling    : HHH10001005: Database info:
	Database JDBC URL [jdbc:postgresql://ep-summer-base-a1afj85t-pooler.ap-southeast-1.aws.neon.tech/neondb?sslmode=require]
	Database driver: PostgreSQL JDBC Driver
	Database dialect: PostgreSQLDialect
	Database version: 17.8
	Default catalog/schema: neondb/public
	Autocommit mode: undefined/unknown
	Isolation level: READ_COMMITTED [default READ_COMMITTED]
	JDBC fetch size: none
	Pool: DataSourceConnectionProvider
	Minimum pool size: undefined/unknown
	Maximum pool size: undefined/unknown
2026-03-29T13:31:48.187+07:00  INFO 20976 --- [SpendwiseAI] [           main] org.hibernate.orm.core                   : HHH000489: No JTA platform available (set 'hibernate.transaction.jta.platform' to enable JTA platform integration)
2026-03-29T13:31:48.656+07:00  INFO 20976 --- [SpendwiseAI] [           main] j.LocalContainerEntityManagerFactoryBean : Initialized JPA EntityManagerFactory for persistence unit 'default'
2026-03-29T13:31:48.700+07:00  INFO 20976 --- [SpendwiseAI] [           main] o.s.d.j.r.query.QueryEnhancerFactories   : Hibernate is in classpath; If applicable, HQL parser will be used.
2026-03-29T13:31:48.868+07:00  INFO 20976 --- [SpendwiseAI] [           main] r$InitializeUserDetailsManagerConfigurer : Global AuthenticationManager configured with UserDetailsService bean with name customUserDetailsService
2026-03-29T13:31:50.189+07:00  WARN 20976 --- [SpendwiseAI] [           main] JpaBaseConfiguration$JpaWebConfiguration : spring.jpa.open-in-view is enabled by default. Therefore, database queries may be performed during view rendering. Explicitly configure spring.jpa.open-in-view to disable this warning
2026-03-29T13:31:50.624+07:00  WARN 20976 --- [SpendwiseAI] [           main] ConfigServletWebServerApplicationContext : Exception encountered during context initialization - cancelling refresh attempt: org.springframework.context.ApplicationContextException: Failed to start bean 'webServerStartStop'
2026-03-29T13:31:50.628+07:00  INFO 20976 --- [SpendwiseAI] [           main] j.LocalContainerEntityManagerFactoryBean : Closing JPA EntityManagerFactory for persistence unit 'default'
2026-03-29T13:31:50.630+07:00  INFO 20976 --- [SpendwiseAI] [           main] com.zaxxer.hikari.HikariDataSource       : HikariPool-1 - Shutdown initiated...
2026-03-29T13:31:51.091+07:00  INFO 20976 --- [SpendwiseAI] [           main] com.zaxxer.hikari.HikariDataSource       : HikariPool-1 - Shutdown completed.
2026-03-29T13:31:51.098+07:00  INFO 20976 --- [SpendwiseAI] [           main] .s.b.a.l.ConditionEvaluationReportLogger : 

Error starting ApplicationContext. To display the condition evaluation report re-run your application with 'debug' enabled.
2026-03-29T13:31:51.107+07:00 ERROR 20976 --- [SpendwiseAI] [           main] o.s.b.d.LoggingFailureAnalysisReporter   : 

***************************
APPLICATION FAILED TO START
***************************

Description:

Web server failed to start. Port 8080 was already in use.

Action:

Identify and stop the process that's listening on port 8080 or configure this application to listen on another port.

[INFO] ------------------------------------------------------------------------
[INFO] BUILD FAILURE
[INFO] ------------------------------------------------------------------------
[INFO] Total time:  8.332 s
[INFO] Finished at: 2026-03-29T13:31:51+07:00
[INFO] ------------------------------------------------------------------------
[ERROR] Failed to execute goal org.springframework.boot:spring-boot-maven-plugin:4.0.3:run (default-cli) on project SpendwiseAI: Process terminated with exit code: 1 -> [Help 1]
[ERROR] 
[ERROR] To see the full stack trace of the errors, re-run Maven with the -e switch.
[ERROR] Re-run Maven using the -X switch to enable full debug logging.
[ERROR] 
[ERROR] For more information about the errors and possible solutions, please read the following articles:
[ERROR] [Help 1] http://cwiki.apache.org/confluence/display/MAVEN/MojoExecutionException
